<?xml version="1.0" encoding="UTF-8"?>
<!-- Generated by org.testng.reporters.JUnitXMLReporter -->
<testsuite hostname="DESKTOP-VNUEGKJ" ignored="0" name="Test" tests="4" failures="0" timestamp="07 Jul 2022 14:07:27 GMT" time="0.086" errors="0">
  <testcase name="method1" time="0.012" classname="com.testngdemo.Demo1">
    <skipped/>
  </testcase> <!-- method1 -->
  <testcase name="method1" time="0.0" classname="com.testngdemo.Demo1">
    <skipped/>
  </testcase> <!-- method1 -->
  <testcase name="method1" time="0.0" classname="com.testngdemo.Demo1"/>
  <testcase name="method2" time="0.01" classname="com.testngdemo.Demo1"/>
</testsuite> <!-- Test -->
